<?xml version="1.0" encoding="UTF-8"?>
<testsuite xmlns:xsi="http://www.w3.org/2001/XMLSchema-instance" xsi:noNamespaceSchemaLocation="https://maven.apache.org/surefire/maven-surefire-plugin/xsd/surefire-test-report.xsd" name="TestSuite" time="78.043" tests="11" errors="0" skipped="0" failures="2">
  <properties>
[...]
</properties>
  <testcase name="verifyGrouplabelTest" classname="com.fb.qa.testcases.GroupPageTest" time="15.097"/>
  <testcase name="verifyHomePageTitleTest" classname="com.fb.qa.testcases.HomePageTest" time="4.783">
    <failure message="expected [Facebook] but found [Facebook – log in or sign up]" type="java.lang.AssertionError">java.lang.AssertionError: expected [Facebook] but found [Facebook – log in or sign up]
	at com.fb.qa.testcases.HomePageTest.verifyHomePageTitleTest(HomePageTest.java:36)
</failure>
    <system-out><![CDATA[Before navigating to: 'https://www.facebook.com/'
Navigated to:'https://www.facebook.com/'
Trying to find Element By : By.name: email
Found Element By : By.name: email
Trying to find Element By : By.name: pass
Found Element By : By.name: pass
Trying to find Element By : By.xpath: //button[contains(@name,'login')]
Found Element By : By.xpath: //button[contains(@name,'login')]
Trying to click on: [[ChromeDriver: chrome on WINDOWS (a201064c8a99b3c13cb4f9490a63fbd6)] -> xpath: //button[contains(@name,'login')]]
Clicked on: [[ChromeDriver: chrome on WINDOWS (a201064c8a99b3c13cb4f9490a63fbd6)] -> xpath: //button[contains(@name,'login')]]
]]></system-out>
    <system-err><![CDATA[Starting ChromeDriver 103.0.5060.53 (a1711811edd74ff1cf2150f36ffa3b0dae40b17f-refs/branch-heads/5060@{#853}) on port 45431
Only local connections are allowed.
Please see https://chromedriver.chromium.org/security-considerations for suggestions on keeping ChromeDriver safe.
ChromeDriver was started successfully.
Jul 20, 2022 2:35:01 PM org.openqa.selenium.remote.ProtocolHandshake createSession
INFO: Detected dialect: W3C
]]></system-err>
  </testcase>
  <testcase name="fbLogoTest" classname="com.fb.qa.testcases.LoginPageTest" time="0.059"/>
  <testcase name="signUpPageTitleTest" classname="com.fb.qa.testcases.SignUpPageTest" time="0.017"/>
  <testcase name="VerifyClickOnGroupLink" classname="com.fb.qa.testcases.GroupPageTest" time="5.858">
    <failure message="stale element reference: element is not attached to the page document&#10;  (Session info: chrome=103.0.5060.114)&#10;For documentation on this error, please visit: http://seleniumhq.org/exceptions/stale_element_reference.html&#10;Build info: version: &apos;3.14.0&apos;, revision: &apos;aacccce0&apos;, time: &apos;2018-08-02T20:19:58.91Z&apos;&#10;System info: host: &apos;LAPTOP-84D7O3F5&apos;, ip: &apos;192.168.137.141&apos;, os.name: &apos;Windows 10&apos;, os.arch: &apos;amd64&apos;, os.version: &apos;10.0&apos;, java.version: &apos;18.0.1.1&apos;&#10;Driver info: org.openqa.selenium.chrome.ChromeDriver&#10;Capabilities {acceptInsecureCerts: false, browserName: chrome, browserVersion: 103.0.5060.114, chrome: {chromedriverVersion: 103.0.5060.53 (a1711811edd7..., userDataDir: C:\Users\shrim\AppData\Loca...}, goog:chromeOptions: {debuggerAddress: localhost:61960}, javascriptEnabled: true, networkConnectionEnabled: false, pageLoadStrategy: normal, platform: WINDOWS, platformName: WINDOWS, proxy: Proxy(), setWindowRect: true, strictFileInteractability: false, timeouts: {implicit: 0, pageLoad: 300000, script: 30000}, unhandledPromptBehavior: dismiss and notify, webauthn:extension:credBlob: true, webauthn:extension:largeBlob: true, webauthn:virtualAuthenticators: true}&#10;Session ID: 51f293219d862b1bf3d6411281152a46" type="org.openqa.selenium.StaleElementReferenceException">org.openqa.selenium.StaleElementReferenceException: 
stale element reference: element is not attached to the page document
  (Session info: chrome=103.0.5060.114)
For documentation on this error, please visit: http://seleniumhq.org/exceptions/stale_element_reference.html
Build info: version: '3.14.0', revision: 'aacccce0', time: '2018-08-02T20:19:58.91Z'
System info: host: 'LAPTOP-84D7O3F5', ip: '192.168.137.141', os.name: 'Windows 10', os.arch: 'amd64', os.version: '10.0', java.version: '18.0.1.1'
Driver info: org.openqa.selenium.chrome.ChromeDriver
Capabilities {acceptInsecureCerts: false, browserName: chrome, browserVersion: 103.0.5060.114, chrome: {chromedriverVersion: 103.0.5060.53 (a1711811edd7..., userDataDir: C:\Users\shrim\AppData\Loca...}, goog:chromeOptions: {debuggerAddress: localhost:61960}, javascriptEnabled: true, networkConnectionEnabled: false, pageLoadStrategy: normal, platform: WINDOWS, platformName: WINDOWS, proxy: Proxy(), setWindowRect: true, strictFileInteractability: false, timeouts: {implicit: 0, pageLoad: 300000, script: 30000}, unhandledPromptBehavior: dismiss and notify, webauthn:extension:credBlob: true, webauthn:extension:largeBlob: true, webauthn:virtualAuthenticators: true}
Session ID: 51f293219d862b1bf3d6411281152a46
	at com.fb.qa.testcases.GroupPageTest.VerifyClickOnGroupLink(GroupPageTest.java:39)
</failure>
    <system-out><![CDATA[Before navigating to: 'https://www.facebook.com/'
Navigated to:'https://www.facebook.com/'
Trying to find Element By : By.name: email
Found Element By : By.name: email
Trying to find Element By : By.name: pass
Found Element By : By.name: pass
Trying to find Element By : By.xpath: //button[contains(@name,'login')]
Found Element By : By.xpath: //button[contains(@name,'login')]
Trying to click on: [[ChromeDriver: chrome on WINDOWS (51f293219d862b1bf3d6411281152a46)] -> xpath: //button[contains(@name,'login')]]
Clicked on: [[ChromeDriver: chrome on WINDOWS (51f293219d862b1bf3d6411281152a46)] -> xpath: //button[contains(@name,'login')]]
Trying to find Element By : By.xpath: //a[contains(@href,'/groups/')]
Found Element By : By.xpath: //a[contains(@href,'/groups/')]
Trying to click on: [[ChromeDriver: chrome on WINDOWS (51f293219d862b1bf3d6411281152a46)] -> xpath: //a[contains(@href,'/groups/')]]
Exception occured: org.openqa.selenium.StaleElementReferenceException: stale element reference: element is not attached to the page document
  (Session info: chrome=103.0.5060.114)
For documentation on this error, please visit: http://seleniumhq.org/exceptions/stale_element_reference.html
Build info: version: '3.14.0', revision: 'aacccce0', time: '2018-08-02T20:19:58.91Z'
System info: host: 'LAPTOP-84D7O3F5', ip: '192.168.137.141', os.name: 'Windows 10', os.arch: 'amd64', os.version: '10.0', java.version: '18.0.1.1'
Driver info: org.openqa.selenium.chrome.ChromeDriver
Capabilities {acceptInsecureCerts: false, browserName: chrome, browserVersion: 103.0.5060.114, chrome: {chromedriverVersion: 103.0.5060.53 (a1711811edd7..., userDataDir: C:\Users\shrim\AppData\Loca...}, goog:chromeOptions: {debuggerAddress: localhost:61960}, javascriptEnabled: true, networkConnectionEnabled: false, pageLoadStrategy: normal, platform: WINDOWS, platformName: WINDOWS, proxy: Proxy(), setWindowRect: true, strictFileInteractability: false, timeouts: {implicit: 0, pageLoad: 300000, script: 30000}, unhandledPromptBehavior: dismiss and notify, webauthn:extension:credBlob: true, webauthn:extension:largeBlob: true, webauthn:virtualAuthenticators: true}
Session ID: 51f293219d862b1bf3d6411281152a46
]]></system-out>
    <system-err><![CDATA[Starting ChromeDriver 103.0.5060.53 (a1711811edd74ff1cf2150f36ffa3b0dae40b17f-refs/branch-heads/5060@{#853}) on port 39117
Only local connections are allowed.
Please see https://chromedriver.chromium.org/security-considerations for suggestions on keeping ChromeDriver safe.
ChromeDriver was started successfully.
Jul 20, 2022 2:35:18 PM org.openqa.selenium.remote.ProtocolHandshake createSession
INFO: Detected dialect: W3C
]]></system-err>
  </testcase>
  <testcase name="verifyUsernameTest" classname="com.fb.qa.testcases.HomePageTest" time="5.152"/>
  <testcase name="loginTest" classname="com.fb.qa.testcases.LoginPageTest" time="0.328"/>
  <testcase name="SignUpTest" classname="com.fb.qa.testcases.SignUpPageTest" time="1.389"/>
  <testcase name="multipleLoginTest" classname="com.fb.qa.testcases.LoginPageTest" time="3.34"/>
  <testcase name="multipleLoginTest" classname="com.fb.qa.testcases.LoginPageTest" time="3.256"/>
  <testcase name="multipleLoginTest" classname="com.fb.qa.testcases.LoginPageTest" time="3.301"/>
</testsuite>