<?xml version="1.0" encoding="UTF-8"?>
<!-- Generated by org.testng.reporters.JUnitXMLReporter -->
<testsuite ignored="0" hostname="LAPTOP-84D7O3F5" failures="1" tests="9" name="Facebook App Test Cases" time="44.083" errors="0" timestamp="21 Jul 2022 11:26:27 GMT">
  <testcase classname="com.fb.qa.testcases.LoginPageTest" name="fbLogoTest" time="0.106"/>
  <testcase classname="com.fb.qa.testcases.HomePageTest" name="verifyHomePageTitleTest" time="5.278">
    <failure type="java.lang.AssertionError" message="expected [Facebook] but found [Facebook – log in or sign up]">
      <![CDATA[java.lang.AssertionError: expected [Facebook] but found [Facebook – log in or sign up]
at com.fb.qa.testcases.HomePageTest.verifyHomePageTitleTest(HomePageTest.java:36)
... Removed 31 stack frames]]>
    </failure>
  </testcase> <!-- verifyHomePageTitleTest -->
  <testcase classname="com.fb.qa.testcases.SignUpPageTest" name="signUpPageTitleTest" time="0.011"/>
  <testcase classname="com.fb.qa.testcases.LoginPageTest" name="loginTest" time="0.217"/>
  <testcase classname="com.fb.qa.testcases.HomePageTest" name="verifyUsernameTest" time="4.967"/>
  <testcase classname="com.fb.qa.testcases.SignUpPageTest" name="SignUpTest" time="1.007"/>
  <testcase classname="com.fb.qa.testcases.LoginPageTest" name="multipleLoginTest" time="3.191"/>
  <testcase classname="com.fb.qa.testcases.LoginPageTest" name="multipleLoginTest" time="3.145"/>
  <testcase classname="com.fb.qa.testcases.LoginPageTest" name="multipleLoginTest" time="3.179"/>
</testsuite> <!-- Facebook App Test Cases -->
