<?xml version="1.0" encoding="UTF-8"?>
<!-- Generated by org.testng.reporters.JUnitXMLReporter -->
<testsuite ignored="0" hostname="LAPTOP-84D7O3F5" failures="0" tests="5" name="Default test" time="22.419" errors="0" timestamp="21 Jul 2022 11:24:51 GMT">
  <testcase classname="com.fb.qa.testcases.LoginPageTest" name="fbLogoTest" time="0.097"/>
  <testcase classname="com.fb.qa.testcases.LoginPageTest" name="loginTest" time="0.185"/>
  <testcase classname="com.fb.qa.testcases.LoginPageTest" name="multipleLoginTest" time="3.191"/>
  <testcase classname="com.fb.qa.testcases.LoginPageTest" name="multipleLoginTest" time="3.169"/>
  <testcase classname="com.fb.qa.testcases.LoginPageTest" name="multipleLoginTest" time="3.173"/>
</testsuite> <!-- Default test -->
